<?xml version="1.0" encoding="UTF-8"?>
<testng-results ignored="0" total="3" passed="3" failed="0" skipped="0">
  <reporter-output>
  </reporter-output>
  <suite started-at="2022-09-03T11:29:08 WIB" name="Default suite" finished-at="2022-09-03T11:29:08 WIB" duration-ms="54">
    <groups>
    </groups>
    <test started-at="2022-09-03T11:29:08 WIB" name="Default test" finished-at="2022-09-03T11:29:08 WIB" duration-ms="54">
      <class name="testng.TestParsingString">
        <test-method is-config="true" signature="befTest()[pri:0, instance:testng.TestParsingString@76908cc0]" started-at="2022-09-03T11:29:08 WIB" name="befTest" finished-at="2022-09-03T11:29:08 WIB" duration-ms="6" status="PASS">
          <reporter-output>
          </reporter-output>
        </test-method> <!-- befTest -->
        <test-method is-config="true" signature="befClass()[pri:0, instance:testng.TestParsingString@76908cc0]" started-at="2022-09-03T11:29:08 WIB" name="befClass" finished-at="2022-09-03T11:29:08 WIB" duration-ms="0" status="PASS">
          <reporter-output>
          </reporter-output>
        </test-method> <!-- befClass -->
        <test-method is-config="true" signature="befMethod()[pri:0, instance:testng.TestParsingString@76908cc0]" started-at="2022-09-03T11:29:08 WIB" name="befMethod" finished-at="2022-09-03T11:29:08 WIB" duration-ms="0" status="PASS">
          <reporter-output>
          </reporter-output>
        </test-method> <!-- befMethod -->
        <test-method signature="testParsingStringToFloat()[pri:0, instance:testng.TestParsingString@76908cc0]" started-at="2022-09-03T11:29:08 WIB" name="testParsingStringToFloat" finished-at="2022-09-03T11:29:08 WIB" duration-ms="10" status="PASS">
          <reporter-output>
          </reporter-output>
        </test-method> <!-- testParsingStringToFloat -->
        <test-method is-config="true" signature="aftMethod()[pri:0, instance:testng.TestParsingString@76908cc0]" started-at="2022-09-03T11:29:08 WIB" name="aftMethod" finished-at="2022-09-03T11:29:08 WIB" duration-ms="0" status="PASS">
          <reporter-output>
          </reporter-output>
        </test-method> <!-- aftMethod -->
        <test-method is-config="true" signature="befMethod()[pri:0, instance:testng.TestParsingString@76908cc0]" started-at="2022-09-03T11:29:08 WIB" name="befMethod" finished-at="2022-09-03T11:29:08 WIB" duration-ms="0" status="PASS">
          <reporter-output>
          </reporter-output>
        </test-method> <!-- befMethod -->
        <test-method signature="testParsingStringToInt()[pri:0, instance:testng.TestParsingString@76908cc0]" started-at="2022-09-03T11:29:08 WIB" name="testParsingStringToInt" finished-at="2022-09-03T11:29:08 WIB" duration-ms="1" status="PASS">
          <reporter-output>
          </reporter-output>
        </test-method> <!-- testParsingStringToInt -->
        <test-method is-config="true" signature="aftMethod()[pri:0, instance:testng.TestParsingString@76908cc0]" started-at="2022-09-03T11:29:08 WIB" name="aftMethod" finished-at="2022-09-03T11:29:08 WIB" duration-ms="0" status="PASS">
          <reporter-output>
          </reporter-output>
        </test-method> <!-- aftMethod -->
        <test-method is-config="true" signature="befMethod()[pri:0, instance:testng.TestParsingString@76908cc0]" started-at="2022-09-03T11:29:08 WIB" name="befMethod" finished-at="2022-09-03T11:29:08 WIB" duration-ms="1" status="PASS">
          <reporter-output>
          </reporter-output>
        </test-method> <!-- befMethod -->
        <test-method signature="testParsingStringtoDouble()[pri:0, instance:testng.TestParsingString@76908cc0]" started-at="2022-09-03T11:29:08 WIB" name="testParsingStringtoDouble" finished-at="2022-09-03T11:29:08 WIB" duration-ms="1" status="PASS">
          <reporter-output>
          </reporter-output>
        </test-method> <!-- testParsingStringtoDouble -->
        <test-method is-config="true" signature="aftMethod()[pri:0, instance:testng.TestParsingString@76908cc0]" started-at="2022-09-03T11:29:08 WIB" name="aftMethod" finished-at="2022-09-03T11:29:08 WIB" duration-ms="0" status="PASS">
          <reporter-output>
          </reporter-output>
        </test-method> <!-- aftMethod -->
        <test-method is-config="true" signature="aftClass()[pri:0, instance:testng.TestParsingString@76908cc0]" started-at="2022-09-03T11:29:08 WIB" name="aftClass" finished-at="2022-09-03T11:29:08 WIB" duration-ms="0" status="PASS">
          <reporter-output>
          </reporter-output>
        </test-method> <!-- aftClass -->
        <test-method is-config="true" signature="aftTest()[pri:0, instance:testng.TestParsingString@76908cc0]" started-at="2022-09-03T11:29:08 WIB" name="aftTest" finished-at="2022-09-03T11:29:08 WIB" duration-ms="1" status="PASS">
          <reporter-output>
          </reporter-output>
        </test-method> <!-- aftTest -->
      </class> <!-- testng.TestParsingString -->
    </test> <!-- Default test -->
  </suite> <!-- Default suite -->
</testng-results>
