<?xml version="1.0" encoding="UTF-8"?>
<!-- Generated by org.testng.reporters.JUnitXMLReporter -->
<testsuite ignored="0" hostname="LAPTOP-MD8IKGDG" failures="0" tests="3" name="Default test" time="0.054" errors="0" timestamp="2022-09-03T11:29:08 WIB">
  <testcase classname="testng.TestParsingString" name="testParsingStringToFloat" time="0.01"/>
  <testcase classname="testng.TestParsingString" name="testParsingStringToInt" time="0.001"/>
  <testcase classname="testng.TestParsingString" name="testParsingStringtoDouble" time="0.001"/>
</testsuite> <!-- Default test -->
